  [1m[35m (2.5ms)[0m  [1m[35mSET NAMES utf8,  @@SESSION.sql_mode = CONCAT(CONCAT(@@sql_mode, ',STRICT_ALL_TABLES'), ',NO_AUTO_VALUE_ON_ZERO'),  @@SESSION.sql_auto_is_null = 0, @@SESSION.wait_timeout = 2147483[0m
  â†³ bin/rails:9
  [1m[35m (4.0ms)[0m  [1m[35mCREATE DATABASE `for_ToR_Lv`.`3_development` DEFAULT CHARACTER SET `utf8`[0m
  â†³ bin/rails:9
  [1m[35m (3.7ms)[0m  [1m[35mSET NAMES utf8,  @@SESSION.sql_mode = CONCAT(CONCAT(@@sql_mode, ',STRICT_ALL_TABLES'), ',NO_AUTO_VALUE_ON_ZERO'),  @@SESSION.sql_auto_is_null = 0, @@SESSION.wait_timeout = 2147483[0m
  â†³ bin/rails:9
  [1m[35m (12.2ms)[0m  [1m[35mCREATE DATABASE `for_ToR_Lv3_development` DEFAULT CHARACTER SET `utf8`[0m
  â†³ bin/rails:9
  [1m[35m (3.1ms)[0m  [1m[35mSET NAMES utf8,  @@SESSION.sql_mode = CONCAT(CONCAT(@@sql_mode, ',STRICT_ALL_TABLES'), ',NO_AUTO_VALUE_ON_ZERO'),  @@SESSION.sql_auto_is_null = 0, @@SESSION.wait_timeout = 2147483[0m
  â†³ bin/rails:9
  [1m[35m (12.1ms)[0m  [1m[35mCREATE DATABASE `for_ToR_Lv3_test` DEFAULT CHARACTER SET `utf8`[0m
  â†³ bin/rails:9
  [1m[35m (2.6ms)[0m  [1m[35mSET NAMES utf8,  @@SESSION.sql_mode = CONCAT(CONCAT(@@sql_mode, ',STRICT_ALL_TABLES'), ',NO_AUTO_VALUE_ON_ZERO'),  @@SESSION.sql_auto_is_null = 0, @@SESSION.wait_timeout = 2147483[0m
  â†³ bin/rails:9
  [1m[35m (42.7ms)[0m  [1m[35mCREATE TABLE `schema_migrations` (`version` varchar(255) NOT NULL PRIMARY KEY)[0m
  â†³ bin/rails:9
  [1m[35m (40.3ms)[0m  [1m[35mCREATE TABLE `ar_internal_metadata` (`key` varchar(255) NOT NULL PRIMARY KEY, `value` varchar(255), `created_at` datetime NOT NULL, `updated_at` datetime NOT NULL)[0m
  â†³ bin/rails:9
  [1m[35m (3.5ms)[0m  [1m[34mSELECT GET_LOCK('7683518677363794720', 0)[0m
  â†³ bin/rails:9
  [1m[35m (13.5ms)[0m  [1m[34mSELECT `schema_migrations`.`version` FROM `schema_migrations` ORDER BY `schema_migrations`.`version` ASC[0m
  â†³ bin/rails:9
Migrating to CreateUsers (20200508075223)
  [1m[35m (43.0ms)[0m  [1m[35mCREATE TABLE `users` (`id` bigint NOT NULL AUTO_INCREMENT PRIMARY KEY, `account` varchar(255), `name` varchar(255), `created_at` datetime NOT NULL, `updated_at` datetime NOT NULL)[0m
  â†³ db/migrate/20200508075223_create_users.rb:3
  [1m[35m (4.0ms)[0m  [1m[35mBEGIN[0m
  â†³ bin/rails:9
  [1m[36mActiveRecord::SchemaMigration Create (4.9ms)[0m  [1m[32mINSERT INTO `schema_migrations` (`version`) VALUES ('20200508075223')[0m
  â†³ bin/rails:9
  [1m[35m (9.1ms)[0m  [1m[35mCOMMIT[0m
  â†³ bin/rails:9
Migrating to AddEmailToUsers (20200508075359)
  [1m[35m (44.2ms)[0m  [1m[35mALTER TABLE `users` ADD `email` varchar(255)[0m
  â†³ db/migrate/20200508075359_add_email_to_users.rb:3
  [1m[35m (2.9ms)[0m  [1m[35mBEGIN[0m
  â†³ bin/rails:9
  [1m[36mActiveRecord::SchemaMigration Create (8.8ms)[0m  [1m[32mINSERT INTO `schema_migrations` (`version`) VALUES ('20200508075359')[0m
  â†³ bin/rails:9
  [1m[35m (13.5ms)[0m  [1m[35mCOMMIT[0m
  â†³ bin/rails:9
  [1m[36mActiveRecord::InternalMetadata Load (4.8ms)[0m  [1m[34mSELECT  `ar_internal_metadata`.* FROM `ar_internal_metadata` WHERE `ar_internal_metadata`.`key` = 'environment' LIMIT 1[0m
  â†³ bin/rails:9
  [1m[35m (3.3ms)[0m  [1m[35mBEGIN[0m
  â†³ bin/rails:9
  [1m[36mActiveRecord::InternalMetadata Create (3.8ms)[0m  [1m[32mINSERT INTO `ar_internal_metadata` (`key`, `value`, `created_at`, `updated_at`) VALUES ('environment', 'development', '2020-05-08 08:09:30', '2020-05-08 08:09:30')[0m
  â†³ bin/rails:9
  [1m[35m (8.9ms)[0m  [1m[35mCOMMIT[0m
  â†³ bin/rails:9
  [1m[35m (2.9ms)[0m  [1m[34mSELECT RELEASE_LOCK('7683518677363794720')[0m
  â†³ bin/rails:9
  [1m[35m (2.6ms)[0m  [1m[34mSELECT `schema_migrations`.`version` FROM `schema_migrations` ORDER BY `schema_migrations`.`version` ASC[0m
  â†³ bin/rails:9
  [1m[35m (2.7ms)[0m  [1m[35mSET NAMES utf8,  @@SESSION.sql_mode = CONCAT(CONCAT(@@sql_mode, ',STRICT_ALL_TABLES'), ',NO_AUTO_VALUE_ON_ZERO'),  @@SESSION.sql_auto_is_null = 0, @@SESSION.wait_timeout = 2147483[0m
  [1m[35m (3.0ms)[0m  [1m[35mBEGIN[0m
  [1m[36mUser Create (6.1ms)[0m  [1m[32mINSERT INTO `users` (`account`, `name`, `created_at`, `updated_at`, `email`) VALUES ('chinju', 'çç£', '2020-05-08 09:04:03', '2020-05-08 09:04:03', 'chinju@example.com')[0m
  [1m[35m (36.1ms)[0m  [1m[35mCOMMIT[0m
  [1m[35m (3.4ms)[0m  [1m[35mBEGIN[0m
  [1m[36mUser Create (4.3ms)[0m  [1m[32mINSERT INTO `users` (`account`, `name`, `created_at`, `updated_at`, `email`) VALUES ('nekokun', 'ã­ã“ãã‚“', '2020-05-08 09:04:04', '2020-05-08 09:04:04', 'nekokun@example.com')[0m
  [1m[35m (12.3ms)[0m  [1m[35mCOMMIT[0m
  [1m[35m (7.0ms)[0m  [1m[35mBEGIN[0m
  [1m[36mUser Create (4.3ms)[0m  [1m[32mINSERT INTO `users` (`account`, `name`, `created_at`, `updated_at`, `email`) VALUES ('rikko', 'ã‚Šã£ã“', '2020-05-08 09:04:04', '2020-05-08 09:04:04', 'rikko@example.com')[0m
  [1m[35m (18.4ms)[0m  [1m[35mCOMMIT[0m
  [1m[35m (4.2ms)[0m  [1m[35mBEGIN[0m
  [1m[36mUser Create (4.8ms)[0m  [1m[32mINSERT INTO `users` (`account`, `name`, `created_at`, `updated_at`, `email`) VALUES ('mc-chinju', 'çç£', '2020-05-08 09:04:30', '2020-05-08 09:04:30', 'mc_chinju@example.com')[0m
  [1m[35m (21.7ms)[0m  [1m[35mCOMMIT[0m
  [1m[35m (2.9ms)[0m  [1m[35mSET NAMES utf8,  @@SESSION.sql_mode = CONCAT(CONCAT(@@sql_mode, ',STRICT_ALL_TABLES'), ',NO_AUTO_VALUE_ON_ZERO'),  @@SESSION.sql_auto_is_null = 0, @@SESSION.wait_timeout = 2147483[0m
  [1m[36mUser Load (4.1ms)[0m  [1m[34mSELECT `users`.* FROM `users`[0m
  [1m[36mUser Load (4.3ms)[0m  [1m[34mSELECT `users`.* FROM `users` WHERE `users`.`name` = 'çç£'[0m
  [1m[36mUser Load (4.5ms)[0m  [1m[34mSELECT `users`.* FROM `users` WHERE `users`.`name` = 'ã­ã“ãã‚“'[0m
  [1m[36mUser Load (4.3ms)[0m  [1m[34mSELECT `users`.* FROM `users`[0m
  [1m[36mUser Load (4.3ms)[0m  [1m[34mSELECT `users`.* FROM `users` WHERE `users`.`account` = 'chinju'[0m
  [1m[36mUser Load (3.3ms)[0m  [1m[34mSELECT `users`.* FROM `users` WHERE `users`.`email` = 'rikko@example.com'[0m
  [1m[36mUser Load (6.1ms)[0m  [1m[34mSELECT `users`.* FROM `users` WHERE `users`.`created_at` = '2020-05-08 09:04:04'[0m
  [1m[36mUser Load (5.3ms)[0m  [1m[34mSELECT `users`.* FROM `users` WHERE `users`.`name` = 'ã­ã“ãã‚“' AND `users`.`created_at` = '2020-05-08 09:04:04'[0m
  [1m[36mUser Load (6.3ms)[0m  [1m[34mSELECT  `users`.* FROM `users` ORDER BY `users`.`id` ASC LIMIT 1[0m
  [1m[36mUser Load (5.1ms)[0m  [1m[34mSELECT  `users`.* FROM `users` ORDER BY `users`.`id` DESC LIMIT 1[0m
  [1m[36mUser Load (8.3ms)[0m  [1m[34mSELECT  `users`.* FROM `users` WHERE `users`.`id` = 2 LIMIT 1[0m
  [1m[36mUser Load (5.6ms)[0m  [1m[34mSELECT `users`.* FROM `users` WHERE `users`.`id` IN (2, 3)[0m
  [1m[36mUser Load (4.5ms)[0m  [1m[34mSELECT  `users`.* FROM `users` WHERE `users`.`id` = 99 LIMIT 1[0m
  [1m[35m (3.0ms)[0m  [1m[35mSET NAMES utf8,  @@SESSION.sql_mode = CONCAT(CONCAT(@@sql_mode, ',STRICT_ALL_TABLES'), ',NO_AUTO_VALUE_ON_ZERO'),  @@SESSION.sql_auto_is_null = 0, @@SESSION.wait_timeout = 2147483[0m
  [1m[36mUser Load (2.6ms)[0m  [1m[34mSELECT  `users`.* FROM `users` WHERE `users`.`id` = 100 LIMIT 1[0m
  [1m[36mUser Load (4.7ms)[0m  [1m[34mSELECT  `users`.* FROM `users` WHERE `users`.`id` = 99 LIMIT 1[0m
  [1m[35m (2.6ms)[0m  [1m[35mSET NAMES utf8,  @@SESSION.sql_mode = CONCAT(CONCAT(@@sql_mode, ',STRICT_ALL_TABLES'), ',NO_AUTO_VALUE_ON_ZERO'),  @@SESSION.sql_auto_is_null = 0, @@SESSION.wait_timeout = 2147483[0m
  [1m[36mUser Load (3.0ms)[0m  [1m[34mSELECT `users`.* FROM `users` WHERE `users`.`name` = 'ã‚¬ãƒ­ãƒ¼ãƒ‰ãƒ»ãƒ©ãƒ³'[0m
  [1m[36mUser Load (2.6ms)[0m  [1m[34mSELECT  `users`.* FROM `users` WHERE `users`.`name` = 'çç£' LIMIT 1[0m
  [1m[35m (3.8ms)[0m  [1m[35mSET NAMES utf8,  @@SESSION.sql_mode = CONCAT(CONCAT(@@sql_mode, ',STRICT_ALL_TABLES'), ',NO_AUTO_VALUE_ON_ZERO'),  @@SESSION.sql_auto_is_null = 0, @@SESSION.wait_timeout = 2147483[0m
  â†³ bin/rails:9
  [1m[35m (2.9ms)[0m  [1m[34mSELECT `schema_migrations`.`version` FROM `schema_migrations` ORDER BY `schema_migrations`.`version` ASC[0m
  â†³ bin/rails:9
  [1m[35m (2.9ms)[0m  [1m[34mSELECT `ar_internal_metadata`.`value` FROM `ar_internal_metadata` WHERE `ar_internal_metadata`.`key` = 'environment'[0m
  â†³ bin/rails:9
  [1m[35m (2.3ms)[0m  [1m[34mSELECT `schema_migrations`.`version` FROM `schema_migrations` ORDER BY `schema_migrations`.`version` ASC[0m
  â†³ bin/rails:9
  [1m[35m (2.7ms)[0m  [1m[34mSELECT `ar_internal_metadata`.`value` FROM `ar_internal_metadata` WHERE `ar_internal_metadata`.`key` = 'environment'[0m
  â†³ bin/rails:9
  [1m[35m (2.6ms)[0m  [1m[34mSELECT `schema_migrations`.`version` FROM `schema_migrations` ORDER BY `schema_migrations`.`version` ASC[0m
  â†³ bin/rails:9
  [1m[35m (2.5ms)[0m  [1m[34mSELECT `ar_internal_metadata`.`value` FROM `ar_internal_metadata` WHERE `ar_internal_metadata`.`key` = 'environment'[0m
  â†³ bin/rails:9
  [1m[35m (2.1ms)[0m  [1m[35mSET NAMES utf8,  @@SESSION.sql_mode = CONCAT(CONCAT(@@sql_mode, ',STRICT_ALL_TABLES'), ',NO_AUTO_VALUE_ON_ZERO'),  @@SESSION.sql_auto_is_null = 0, @@SESSION.wait_timeout = 2147483[0m
  â†³ bin/rails:9
  [1m[35m (62.6ms)[0m  [1m[35mDROP DATABASE IF EXISTS `for_ToR_Lv3_development`[0m
  â†³ bin/rails:9
  [1m[35m (2.8ms)[0m  [1m[35mSET NAMES utf8,  @@SESSION.sql_mode = CONCAT(CONCAT(@@sql_mode, ',STRICT_ALL_TABLES'), ',NO_AUTO_VALUE_ON_ZERO'),  @@SESSION.sql_auto_is_null = 0, @@SESSION.wait_timeout = 2147483[0m
  â†³ bin/rails:9
  [1m[35m (11.5ms)[0m  [1m[35mDROP DATABASE IF EXISTS `for_ToR_Lv3_test`[0m
  â†³ bin/rails:9
  [1m[35m (2.4ms)[0m  [1m[35mSET NAMES utf8,  @@SESSION.sql_mode = CONCAT(CONCAT(@@sql_mode, ',STRICT_ALL_TABLES'), ',NO_AUTO_VALUE_ON_ZERO'),  @@SESSION.sql_auto_is_null = 0, @@SESSION.wait_timeout = 2147483[0m
  â†³ bin/rails:9
  [1m[35m (7.6ms)[0m  [1m[35mCREATE DATABASE `for_ToR_Lv3_development` DEFAULT CHARACTER SET `utf8`[0m
  â†³ bin/rails:9
  [1m[35m (2.8ms)[0m  [1m[35mSET NAMES utf8,  @@SESSION.sql_mode = CONCAT(CONCAT(@@sql_mode, ',STRICT_ALL_TABLES'), ',NO_AUTO_VALUE_ON_ZERO'),  @@SESSION.sql_auto_is_null = 0, @@SESSION.wait_timeout = 2147483[0m
  â†³ bin/rails:9
  [1m[35m (8.6ms)[0m  [1m[35mCREATE DATABASE `for_ToR_Lv3_test` DEFAULT CHARACTER SET `utf8`[0m
  â†³ bin/rails:9
  [1m[35m (1.9ms)[0m  [1m[35mSET NAMES utf8,  @@SESSION.sql_mode = CONCAT(CONCAT(@@sql_mode, ',STRICT_ALL_TABLES'), ',NO_AUTO_VALUE_ON_ZERO'),  @@SESSION.sql_auto_is_null = 0, @@SESSION.wait_timeout = 2147483[0m
  â†³ bin/rails:9
  [1m[35m (49.6ms)[0m  [1m[35mCREATE TABLE `schema_migrations` (`version` varchar(255) NOT NULL PRIMARY KEY)[0m
  â†³ bin/rails:9
  [1m[35m (31.9ms)[0m  [1m[35mCREATE TABLE `ar_internal_metadata` (`key` varchar(255) NOT NULL PRIMARY KEY, `value` varchar(255), `created_at` datetime NOT NULL, `updated_at` datetime NOT NULL)[0m
  â†³ bin/rails:9
  [1m[35m (2.7ms)[0m  [1m[34mSELECT GET_LOCK('7683518677363794720', 0)[0m
  â†³ bin/rails:9
  [1m[35m (3.3ms)[0m  [1m[34mSELECT `schema_migrations`.`version` FROM `schema_migrations` ORDER BY `schema_migrations`.`version` ASC[0m
  â†³ bin/rails:9
Migrating to CreateUsers (20200508075223)
  [1m[35m (42.6ms)[0m  [1m[35mCREATE TABLE `users` (`id` bigint NOT NULL AUTO_INCREMENT PRIMARY KEY, `account` varchar(255), `name` varchar(255), `created_at` datetime NOT NULL, `updated_at` datetime NOT NULL)[0m
  â†³ db/migrate/20200508075223_create_users.rb:3
  [1m[35m (3.2ms)[0m  [1m[35mBEGIN[0m
  â†³ bin/rails:9
  [1m[36mActiveRecord::SchemaMigration Create (3.8ms)[0m  [1m[32mINSERT INTO `schema_migrations` (`version`) VALUES ('20200508075223')[0m
  â†³ bin/rails:9
  [1m[35m (11.5ms)[0m  [1m[35mCOMMIT[0m
  â†³ bin/rails:9
Migrating to AddEmailToUsers (20200508075359)
  [1m[35m (40.8ms)[0m  [1m[35mALTER TABLE `users` ADD `email` varchar(255)[0m
  â†³ db/migrate/20200508075359_add_email_to_users.rb:3
  [1m[35m (3.5ms)[0m  [1m[35mBEGIN[0m
  â†³ bin/rails:9
  [1m[36mActiveRecord::SchemaMigration Create (2.9ms)[0m  [1m[32mINSERT INTO `schema_migrations` (`version`) VALUES ('20200508075359')[0m
  â†³ bin/rails:9
  [1m[35m (12.8ms)[0m  [1m[35mCOMMIT[0m
  â†³ bin/rails:9
  [1m[36mActiveRecord::InternalMetadata Load (5.3ms)[0m  [1m[34mSELECT  `ar_internal_metadata`.* FROM `ar_internal_metadata` WHERE `ar_internal_metadata`.`key` = 'environment' LIMIT 1[0m
  â†³ bin/rails:9
  [1m[35m (2.8ms)[0m  [1m[35mBEGIN[0m
  â†³ bin/rails:9
  [1m[36mActiveRecord::InternalMetadata Create (3.5ms)[0m  [1m[32mINSERT INTO `ar_internal_metadata` (`key`, `value`, `created_at`, `updated_at`) VALUES ('environment', 'development', '2020-05-08 10:26:08', '2020-05-08 10:26:08')[0m
  â†³ bin/rails:9
  [1m[35m (7.5ms)[0m  [1m[35mCOMMIT[0m
  â†³ bin/rails:9
  [1m[35m (3.2ms)[0m  [1m[34mSELECT RELEASE_LOCK('7683518677363794720')[0m
  â†³ bin/rails:9
  [1m[35m (2.5ms)[0m  [1m[34mSELECT `schema_migrations`.`version` FROM `schema_migrations` ORDER BY `schema_migrations`.`version` ASC[0m
  â†³ bin/rails:9
  [1m[35m (2.5ms)[0m  [1m[35mSET NAMES utf8,  @@SESSION.sql_mode = CONCAT(CONCAT(@@sql_mode, ',STRICT_ALL_TABLES'), ',NO_AUTO_VALUE_ON_ZERO'),  @@SESSION.sql_auto_is_null = 0, @@SESSION.wait_timeout = 2147483[0m
  [1m[35m (2.8ms)[0m  [1m[35mBEGIN[0m
  [1m[36mUser Exists (4.5ms)[0m  [1m[34mSELECT  1 AS one FROM `users` WHERE `users`.`account` = BINARY 'chinju' LIMIT 1[0m
  [1m[36mUser Create (2.6ms)[0m  [1m[32mINSERT INTO `users` (`account`, `name`, `created_at`, `updated_at`, `email`) VALUES ('chinju', 'çç£', '2020-05-08 10:26:53', '2020-05-08 10:26:53', 'chinju@example.com')[0m
  [1m[35m (10.2ms)[0m  [1m[35mCOMMIT[0m
  [1m[35m (6.4ms)[0m  [1m[35mBEGIN[0m
  [1m[36mUser Exists (9.6ms)[0m  [1m[34mSELECT  1 AS one FROM `users` WHERE `users`.`account` = BINARY 'nekokun' LIMIT 1[0m
  [1m[36mUser Create (5.6ms)[0m  [1m[32mINSERT INTO `users` (`account`, `name`, `created_at`, `updated_at`, `email`) VALUES ('nekokun', 'ã­ã“ãã‚“', '2020-05-08 10:26:53', '2020-05-08 10:26:53', 'nekokun@example.com')[0m
  [1m[35m (23.4ms)[0m  [1m[35mCOMMIT[0m
  [1m[35m (7.4ms)[0m  [1m[35mBEGIN[0m
  [1m[36mUser Exists (6.8ms)[0m  [1m[34mSELECT  1 AS one FROM `users` WHERE `users`.`account` = BINARY 'rikko' LIMIT 1[0m
  [1m[36mUser Create (3.8ms)[0m  [1m[32mINSERT INTO `users` (`account`, `name`, `created_at`, `updated_at`, `email`) VALUES ('rikko', 'ã‚Šã£ã“', '2020-05-08 10:26:53', '2020-05-08 10:26:53', 'rikko@example.com')[0m
  [1m[35m (19.9ms)[0m  [1m[35mCOMMIT[0m
  [1m[35m (3.5ms)[0m  [1m[35mBEGIN[0m
  [1m[36mUser Exists (8.4ms)[0m  [1m[34mSELECT  1 AS one FROM `users` WHERE `users`.`account` = BINARY 'mc-chinju' LIMIT 1[0m
  [1m[36mUser Create (4.9ms)[0m  [1m[32mINSERT INTO `users` (`account`, `name`, `created_at`, `updated_at`, `email`) VALUES ('mc-chinju', 'çç£', '2020-05-08 10:26:53', '2020-05-08 10:26:53', 'mc_chinju@example.com')[0m
  [1m[35m (15.9ms)[0m  [1m[35mCOMMIT[0m
  [1m[35m (2.3ms)[0m  [1m[35mSET NAMES utf8,  @@SESSION.sql_mode = CONCAT(CONCAT(@@sql_mode, ',STRICT_ALL_TABLES'), ',NO_AUTO_VALUE_ON_ZERO'),  @@SESSION.sql_auto_is_null = 0, @@SESSION.wait_timeout = 2147483[0m
  â†³ bin/rails:9
  [1m[35m (2.6ms)[0m  [1m[34mSELECT GET_LOCK('7683518677363794720', 0)[0m
  â†³ bin/rails:9
  [1m[35m (2.7ms)[0m  [1m[34mSELECT `schema_migrations`.`version` FROM `schema_migrations` ORDER BY `schema_migrations`.`version` ASC[0m
  â†³ bin/rails:9
  [1m[36mActiveRecord::InternalMetadata Load (2.9ms)[0m  [1m[34mSELECT  `ar_internal_metadata`.* FROM `ar_internal_metadata` WHERE `ar_internal_metadata`.`key` = 'environment' LIMIT 1[0m
  â†³ bin/rails:9
  [1m[35m (2.5ms)[0m  [1m[35mBEGIN[0m
  â†³ bin/rails:9
  [1m[35m (2.6ms)[0m  [1m[35mCOMMIT[0m
  â†³ bin/rails:9
  [1m[35m (2.5ms)[0m  [1m[34mSELECT RELEASE_LOCK('7683518677363794720')[0m
  â†³ bin/rails:9
  [1m[35m (2.4ms)[0m  [1m[34mSELECT `schema_migrations`.`version` FROM `schema_migrations` ORDER BY `schema_migrations`.`version` ASC[0m
  â†³ bin/rails:9
  [1m[35m (3.3ms)[0m  [1m[35mSET NAMES utf8,  @@SESSION.sql_mode = CONCAT(CONCAT(@@sql_mode, ',STRICT_ALL_TABLES'), ',NO_AUTO_VALUE_ON_ZERO'),  @@SESSION.sql_auto_is_null = 0, @@SESSION.wait_timeout = 2147483[0m
  â†³ vendor/bundle/ruby/2.6.0/bin/rake:23
  [1m[35m (3.1ms)[0m  [1m[34mSELECT GET_LOCK('7683518677363794720', 0)[0m
  â†³ vendor/bundle/ruby/2.6.0/bin/rake:23
  [1m[35m (4.0ms)[0m  [1m[34mSELECT `schema_migrations`.`version` FROM `schema_migrations` ORDER BY `schema_migrations`.`version` ASC[0m
  â†³ vendor/bundle/ruby/2.6.0/bin/rake:23
  [1m[36mActiveRecord::InternalMetadata Load (4.2ms)[0m  [1m[34mSELECT  `ar_internal_metadata`.* FROM `ar_internal_metadata` WHERE `ar_internal_metadata`.`key` = 'environment' LIMIT 1[0m
  â†³ vendor/bundle/ruby/2.6.0/bin/rake:23
  [1m[35m (5.6ms)[0m  [1m[35mBEGIN[0m
  â†³ vendor/bundle/ruby/2.6.0/bin/rake:23
  [1m[35m (5.8ms)[0m  [1m[35mCOMMIT[0m
  â†³ vendor/bundle/ruby/2.6.0/bin/rake:23
  [1m[35m (3.2ms)[0m  [1m[34mSELECT RELEASE_LOCK('7683518677363794720')[0m
  â†³ vendor/bundle/ruby/2.6.0/bin/rake:23
  [1m[35m (3.2ms)[0m  [1m[34mSELECT `schema_migrations`.`version` FROM `schema_migrations` ORDER BY `schema_migrations`.`version` ASC[0m
  â†³ vendor/bundle/ruby/2.6.0/bin/rake:23
Started GET "/users/index" for ::1 at 2020-05-08 19:42:13 +0900
  [1m[35m (4.4ms)[0m  [1m[35mSET NAMES utf8,  @@SESSION.sql_mode = CONCAT(CONCAT(@@sql_mode, ',STRICT_ALL_TABLES'), ',NO_AUTO_VALUE_ON_ZERO'),  @@SESSION.sql_auto_is_null = 0, @@SESSION.wait_timeout = 2147483[0m
  â†³ vendor/bundle/ruby/2.6.0/gems/activerecord-5.2.4.2/lib/active_record/log_subscriber.rb:98
  [1m[35m (20.4ms)[0m  [1m[34mSELECT `schema_migrations`.`version` FROM `schema_migrations` ORDER BY `schema_migrations`.`version` ASC[0m
  â†³ vendor/bundle/ruby/2.6.0/gems/activerecord-5.2.4.2/lib/active_record/log_subscriber.rb:98
Processing by UsersController#index as HTML
  Rendering users/index.html.erb within layouts/application
  [1m[36mUser Load (4.3ms)[0m  [1m[34mSELECT `users`.* FROM `users`[0m
  â†³ app/views/users/index.html.erb:2
  Rendered users/index.html.erb within layouts/application (205.4ms)
Completed 200 OK in 993ms (Views: 796.6ms | ActiveRecord: 129.8ms)


Started GET "/users.json" for ::1 at 2020-05-08 20:41:28 +0900
  [1m[35m (2.0ms)[0m  [1m[35mSET NAMES utf8,  @@SESSION.sql_mode = CONCAT(CONCAT(@@sql_mode, ',STRICT_ALL_TABLES'), ',NO_AUTO_VALUE_ON_ZERO'),  @@SESSION.sql_auto_is_null = 0, @@SESSION.wait_timeout = 2147483[0m
  â†³ vendor/bundle/ruby/2.6.0/gems/activerecord-5.2.4.2/lib/active_record/log_subscriber.rb:98
  [1m[35m (2.4ms)[0m  [1m[34mSELECT `schema_migrations`.`version` FROM `schema_migrations` ORDER BY `schema_migrations`.`version` ASC[0m
  â†³ vendor/bundle/ruby/2.6.0/gems/activerecord-5.2.4.2/lib/active_record/log_subscriber.rb:98
  
ActiveRecord::PendingMigrationError (

Migrations are pending. To resolve this issue, run:

        bin/rails db:migrate RAILS_ENV=development

):
  
vendor/bundle/ruby/2.6.0/gems/activerecord-5.2.4.2/lib/active_record/migration.rb:579:in `check_pending!'
vendor/bundle/ruby/2.6.0/gems/activerecord-5.2.4.2/lib/active_record/migration.rb:556:in `call'
vendor/bundle/ruby/2.6.0/gems/actionpack-5.2.4.2/lib/action_dispatch/middleware/callbacks.rb:28:in `block in call'
vendor/bundle/ruby/2.6.0/gems/activesupport-5.2.4.2/lib/active_support/callbacks.rb:98:in `run_callbacks'
vendor/bundle/ruby/2.6.0/gems/actionpack-5.2.4.2/lib/action_dispatch/middleware/callbacks.rb:26:in `call'
vendor/bundle/ruby/2.6.0/gems/actionpack-5.2.4.2/lib/action_dispatch/middleware/executor.rb:14:in `call'
vendor/bundle/ruby/2.6.0/gems/actionpack-5.2.4.2/lib/action_dispatch/middleware/debug_exceptions.rb:61:in `call'
vendor/bundle/ruby/2.6.0/gems/web-console-3.7.0/lib/web_console/middleware.rb:135:in `call_app'
vendor/bundle/ruby/2.6.0/gems/web-console-3.7.0/lib/web_console/middleware.rb:30:in `block in call'
vendor/bundle/ruby/2.6.0/gems/web-console-3.7.0/lib/web_console/middleware.rb:20:in `catch'
vendor/bundle/ruby/2.6.0/gems/web-console-3.7.0/lib/web_console/middleware.rb:20:in `call'
vendor/bundle/ruby/2.6.0/gems/actionpack-5.2.4.2/lib/action_dispatch/middleware/show_exceptions.rb:33:in `call'
vendor/bundle/ruby/2.6.0/gems/railties-5.2.4.2/lib/rails/rack/logger.rb:38:in `call_app'
vendor/bundle/ruby/2.6.0/gems/railties-5.2.4.2/lib/rails/rack/logger.rb:26:in `block in call'
vendor/bundle/ruby/2.6.0/gems/activesupport-5.2.4.2/lib/active_support/tagged_logging.rb:71:in `block in tagged'
vendor/bundle/ruby/2.6.0/gems/activesupport-5.2.4.2/lib/active_support/tagged_logging.rb:28:in `tagged'
vendor/bundle/ruby/2.6.0/gems/activesupport-5.2.4.2/lib/active_support/tagged_logging.rb:71:in `tagged'
vendor/bundle/ruby/2.6.0/gems/railties-5.2.4.2/lib/rails/rack/logger.rb:26:in `call'
vendor/bundle/ruby/2.6.0/gems/sprockets-rails-3.2.1/lib/sprockets/rails/quiet_assets.rb:13:in `call'
vendor/bundle/ruby/2.6.0/gems/actionpack-5.2.4.2/lib/action_dispatch/middleware/remote_ip.rb:81:in `call'
vendor/bundle/ruby/2.6.0/gems/actionpack-5.2.4.2/lib/action_dispatch/middleware/request_id.rb:27:in `call'
vendor/bundle/ruby/2.6.0/gems/rack-2.2.2/lib/rack/runtime.rb:22:in `call'
vendor/bundle/ruby/2.6.0/gems/activesupport-5.2.4.2/lib/active_support/cache/strategy/local_cache_middleware.rb:29:in `call'
vendor/bundle/ruby/2.6.0/gems/actionpack-5.2.4.2/lib/action_dispatch/middleware/executor.rb:14:in `call'
vendor/bundle/ruby/2.6.0/gems/actionpack-5.2.4.2/lib/action_dispatch/middleware/static.rb:127:in `call'
vendor/bundle/ruby/2.6.0/gems/rack-2.2.2/lib/rack/sendfile.rb:110:in `call'
vendor/bundle/ruby/2.6.0/gems/railties-5.2.4.2/lib/rails/engine.rb:524:in `call'
vendor/bundle/ruby/2.6.0/gems/puma-3.12.4/lib/puma/configuration.rb:227:in `call'
vendor/bundle/ruby/2.6.0/gems/puma-3.12.4/lib/puma/server.rb:675:in `handle_request'
vendor/bundle/ruby/2.6.0/gems/puma-3.12.4/lib/puma/server.rb:476:in `process_client'
vendor/bundle/ruby/2.6.0/gems/puma-3.12.4/lib/puma/server.rb:334:in `block in run'
vendor/bundle/ruby/2.6.0/gems/puma-3.12.4/lib/puma/thread_pool.rb:135:in `block in spawn_thread'
  [1m[35m (4.5ms)[0m  [1m[35mSET NAMES utf8,  @@SESSION.sql_mode = CONCAT(CONCAT(@@sql_mode, ',STRICT_ALL_TABLES'), ',NO_AUTO_VALUE_ON_ZERO'),  @@SESSION.sql_auto_is_null = 0, @@SESSION.wait_timeout = 2147483[0m
  â†³ bin/rails:9
  [1m[35m (2.2ms)[0m  [1m[34mSELECT GET_LOCK('7683518677363794720', 0)[0m
  â†³ bin/rails:9
  [1m[35m (2.7ms)[0m  [1m[34mSELECT `schema_migrations`.`version` FROM `schema_migrations` ORDER BY `schema_migrations`.`version` ASC[0m
  â†³ bin/rails:9
Migrating to CreateArticles (20200508111502)
  [1m[35m (52.3ms)[0m  [1m[35mCREATE TABLE `articles` (`id` bigint NOT NULL AUTO_INCREMENT PRIMARY KEY, `title` varchar(255), `body` varchar(255), `created_at` datetime NOT NULL, `updated_at` datetime NOT NULL)[0m
  â†³ db/migrate/20200508111502_create_articles.rb:3
  [1m[35m (2.5ms)[0m  [1m[35mBEGIN[0m
  â†³ bin/rails:9
  [1m[36mActiveRecord::SchemaMigration Create (3.3ms)[0m  [1m[32mINSERT INTO `schema_migrations` (`version`) VALUES ('20200508111502')[0m
  â†³ bin/rails:9
  [1m[35m (8.3ms)[0m  [1m[35mCOMMIT[0m
  â†³ bin/rails:9
  [1m[36mActiveRecord::InternalMetadata Load (4.1ms)[0m  [1m[34mSELECT  `ar_internal_metadata`.* FROM `ar_internal_metadata` WHERE `ar_internal_metadata`.`key` = 'environment' LIMIT 1[0m
  â†³ bin/rails:9
  [1m[35m (2.6ms)[0m  [1m[35mBEGIN[0m
  â†³ bin/rails:9
  [1m[35m (2.1ms)[0m  [1m[35mCOMMIT[0m
  â†³ bin/rails:9
  [1m[35m (1.9ms)[0m  [1m[34mSELECT RELEASE_LOCK('7683518677363794720')[0m
  â†³ bin/rails:9
  [1m[35m (2.1ms)[0m  [1m[34mSELECT `schema_migrations`.`version` FROM `schema_migrations` ORDER BY `schema_migrations`.`version` ASC[0m
  â†³ bin/rails:9
Started GET "/homes/index.json" for ::1 at 2020-05-08 20:43:43 +0900
  [1m[35m (2.5ms)[0m  [1m[35mSET NAMES utf8,  @@SESSION.sql_mode = CONCAT(CONCAT(@@sql_mode, ',STRICT_ALL_TABLES'), ',NO_AUTO_VALUE_ON_ZERO'),  @@SESSION.sql_auto_is_null = 0, @@SESSION.wait_timeout = 2147483[0m
  â†³ vendor/bundle/ruby/2.6.0/gems/activerecord-5.2.4.2/lib/active_record/log_subscriber.rb:98
  [1m[35m (2.9ms)[0m  [1m[34mSELECT `schema_migrations`.`version` FROM `schema_migrations` ORDER BY `schema_migrations`.`version` ASC[0m
  â†³ vendor/bundle/ruby/2.6.0/gems/activerecord-5.2.4.2/lib/active_record/log_subscriber.rb:98
Processing by HomesController#index as JSON
Completed 406 Not Acceptable in 39ms (ActiveRecord: 0.0ms)


  
ActionController::UnknownFormat (HomesController#index is missing a template for this request format and variant.

request.formats: ["application/json"]
request.variant: []):
  
vendor/bundle/ruby/2.6.0/gems/actionpack-5.2.4.2/lib/action_controller/metal/implicit_render.rb:42:in `default_render'
vendor/bundle/ruby/2.6.0/gems/actionpack-5.2.4.2/lib/action_controller/metal/basic_implicit_render.rb:6:in `block in send_action'
vendor/bundle/ruby/2.6.0/gems/actionpack-5.2.4.2/lib/action_controller/metal/basic_implicit_render.rb:6:in `tap'
vendor/bundle/ruby/2.6.0/gems/actionpack-5.2.4.2/lib/action_controller/metal/basic_implicit_render.rb:6:in `send_action'
vendor/bundle/ruby/2.6.0/gems/actionpack-5.2.4.2/lib/abstract_controller/base.rb:194:in `process_action'
vendor/bundle/ruby/2.6.0/gems/actionpack-5.2.4.2/lib/action_controller/metal/rendering.rb:30:in `process_action'
vendor/bundle/ruby/2.6.0/gems/actionpack-5.2.4.2/lib/abstract_controller/callbacks.rb:42:in `block in process_action'
vendor/bundle/ruby/2.6.0/gems/activesupport-5.2.4.2/lib/active_support/callbacks.rb:132:in `run_callbacks'
vendor/bundle/ruby/2.6.0/gems/actionpack-5.2.4.2/lib/abstract_controller/callbacks.rb:41:in `process_action'
vendor/bundle/ruby/2.6.0/gems/actionpack-5.2.4.2/lib/action_controller/metal/rescue.rb:22:in `process_action'
vendor/bundle/ruby/2.6.0/gems/actionpack-5.2.4.2/lib/action_controller/metal/instrumentation.rb:34:in `block in process_action'
vendor/bundle/ruby/2.6.0/gems/activesupport-5.2.4.2/lib/active_support/notifications.rb:168:in `block in instrument'
vendor/bundle/ruby/2.6.0/gems/activesupport-5.2.4.2/lib/active_support/notifications/instrumenter.rb:23:in `instrument'
vendor/bundle/ruby/2.6.0/gems/activesupport-5.2.4.2/lib/active_support/notifications.rb:168:in `instrument'
vendor/bundle/ruby/2.6.0/gems/actionpack-5.2.4.2/lib/action_controller/metal/instrumentation.rb:32:in `process_action'
vendor/bundle/ruby/2.6.0/gems/actionpack-5.2.4.2/lib/action_controller/metal/params_wrapper.rb:256:in `process_action'
vendor/bundle/ruby/2.6.0/gems/activerecord-5.2.4.2/lib/active_record/railties/controller_runtime.rb:24:in `process_action'
vendor/bundle/ruby/2.6.0/gems/actionpack-5.2.4.2/lib/abstract_controller/base.rb:134:in `process'
vendor/bundle/ruby/2.6.0/gems/actionview-5.2.4.2/lib/action_view/rendering.rb:32:in `process'
vendor/bundle/ruby/2.6.0/gems/actionpack-5.2.4.2/lib/action_controller/metal.rb:191:in `dispatch'
vendor/bundle/ruby/2.6.0/gems/actionpack-5.2.4.2/lib/action_controller/metal.rb:252:in `dispatch'
vendor/bundle/ruby/2.6.0/gems/actionpack-5.2.4.2/lib/action_dispatch/routing/route_set.rb:52:in `dispatch'
vendor/bundle/ruby/2.6.0/gems/actionpack-5.2.4.2/lib/action_dispatch/routing/route_set.rb:34:in `serve'
vendor/bundle/ruby/2.6.0/gems/actionpack-5.2.4.2/lib/action_dispatch/journey/router.rb:52:in `block in serve'
vendor/bundle/ruby/2.6.0/gems/actionpack-5.2.4.2/lib/action_dispatch/journey/router.rb:35:in `each'
vendor/bundle/ruby/2.6.0/gems/actionpack-5.2.4.2/lib/action_dispatch/journey/router.rb:35:in `serve'
vendor/bundle/ruby/2.6.0/gems/actionpack-5.2.4.2/lib/action_dispatch/routing/route_set.rb:840:in `call'
vendor/bundle/ruby/2.6.0/gems/rack-2.2.2/lib/rack/etag.rb:27:in `call'
vendor/bundle/ruby/2.6.0/gems/rack-2.2.2/lib/rack/conditional_get.rb:27:in `call'
vendor/bundle/ruby/2.6.0/gems/rack-2.2.2/lib/rack/head.rb:12:in `call'
vendor/bundle/ruby/2.6.0/gems/activerecord-5.2.4.2/lib/active_record/migration.rb:559:in `call'
vendor/bundle/ruby/2.6.0/gems/actionpack-5.2.4.2/lib/action_dispatch/middleware/callbacks.rb:28:in `block in call'
vendor/bundle/ruby/2.6.0/gems/activesupport-5.2.4.2/lib/active_support/callbacks.rb:98:in `run_callbacks'
vendor/bundle/ruby/2.6.0/gems/actionpack-5.2.4.2/lib/action_dispatch/middleware/callbacks.rb:26:in `call'
vendor/bundle/ruby/2.6.0/gems/actionpack-5.2.4.2/lib/action_dispatch/middleware/executor.rb:14:in `call'
vendor/bundle/ruby/2.6.0/gems/actionpack-5.2.4.2/lib/action_dispatch/middleware/debug_exceptions.rb:61:in `call'
vendor/bundle/ruby/2.6.0/gems/web-console-3.7.0/lib/web_console/middleware.rb:135:in `call_app'
vendor/bundle/ruby/2.6.0/gems/web-console-3.7.0/lib/web_console/middleware.rb:30:in `block in call'
vendor/bundle/ruby/2.6.0/gems/web-console-3.7.0/lib/web_console/middleware.rb:20:in `catch'
vendor/bundle/ruby/2.6.0/gems/web-console-3.7.0/lib/web_console/middleware.rb:20:in `call'
vendor/bundle/ruby/2.6.0/gems/actionpack-5.2.4.2/lib/action_dispatch/middleware/show_exceptions.rb:33:in `call'
vendor/bundle/ruby/2.6.0/gems/railties-5.2.4.2/lib/rails/rack/logger.rb:38:in `call_app'
vendor/bundle/ruby/2.6.0/gems/railties-5.2.4.2/lib/rails/rack/logger.rb:26:in `block in call'
vendor/bundle/ruby/2.6.0/gems/activesupport-5.2.4.2/lib/active_support/tagged_logging.rb:71:in `block in tagged'
vendor/bundle/ruby/2.6.0/gems/activesupport-5.2.4.2/lib/active_support/tagged_logging.rb:28:in `tagged'
vendor/bundle/ruby/2.6.0/gems/activesupport-5.2.4.2/lib/active_support/tagged_logging.rb:71:in `tagged'
vendor/bundle/ruby/2.6.0/gems/railties-5.2.4.2/lib/rails/rack/logger.rb:26:in `call'
vendor/bundle/ruby/2.6.0/gems/sprockets-rails-3.2.1/lib/sprockets/rails/quiet_assets.rb:13:in `call'
vendor/bundle/ruby/2.6.0/gems/actionpack-5.2.4.2/lib/action_dispatch/middleware/remote_ip.rb:81:in `call'
vendor/bundle/ruby/2.6.0/gems/actionpack-5.2.4.2/lib/action_dispatch/middleware/request_id.rb:27:in `call'
vendor/bundle/ruby/2.6.0/gems/rack-2.2.2/lib/rack/runtime.rb:22:in `call'
vendor/bundle/ruby/2.6.0/gems/activesupport-5.2.4.2/lib/active_support/cache/strategy/local_cache_middleware.rb:29:in `call'
vendor/bundle/ruby/2.6.0/gems/actionpack-5.2.4.2/lib/action_dispatch/middleware/executor.rb:14:in `call'
vendor/bundle/ruby/2.6.0/gems/actionpack-5.2.4.2/lib/action_dispatch/middleware/static.rb:127:in `call'
vendor/bundle/ruby/2.6.0/gems/rack-2.2.2/lib/rack/sendfile.rb:110:in `call'
vendor/bundle/ruby/2.6.0/gems/railties-5.2.4.2/lib/rails/engine.rb:524:in `call'
vendor/bundle/ruby/2.6.0/gems/puma-3.12.4/lib/puma/configuration.rb:227:in `call'
vendor/bundle/ruby/2.6.0/gems/puma-3.12.4/lib/puma/server.rb:675:in `handle_request'
vendor/bundle/ruby/2.6.0/gems/puma-3.12.4/lib/puma/server.rb:476:in `process_client'
vendor/bundle/ruby/2.6.0/gems/puma-3.12.4/lib/puma/server.rb:334:in `block in run'
vendor/bundle/ruby/2.6.0/gems/puma-3.12.4/lib/puma/thread_pool.rb:135:in `block in spawn_thread'
Started GET "/users.json" for ::1 at 2020-05-08 20:44:00 +0900
Processing by UsersController#index as JSON
  Parameters: {"user"=>{}}
  Rendering users/index.json.jbuilder
  [1m[36mUser Load (3.0ms)[0m  [1m[34mSELECT `users`.* FROM `users`[0m
  â†³ app/views/users/index.json.jbuilder:1
  Rendered users/index.json.jbuilder (40.6ms)
Completed 200 OK in 50ms (Views: 14.8ms | ActiveRecord: 41.6ms)


Started GET "/users/1.json" for ::1 at 2020-05-08 20:47:46 +0900
Processing by UsersController#show as JSON
  Parameters: {"id"=>"1", "user"=>{}}
  [1m[36mUser Load (2.2ms)[0m  [1m[34mSELECT  `users`.* FROM `users` WHERE `users`.`id` = 1 LIMIT 1[0m
  â†³ app/controllers/users_controller.rb:7
  Rendering users/show.json.jbuilder
  Rendered users/show.json.jbuilder (0.8ms)
Completed 200 OK in 81ms (Views: 2.8ms | ActiveRecord: 75.5ms)


Started GET "/users/2.json" for ::1 at 2020-05-08 20:47:53 +0900
Processing by UsersController#show as JSON
  Parameters: {"id"=>"2", "user"=>{}}
  [1m[36mUser Load (4.7ms)[0m  [1m[34mSELECT  `users`.* FROM `users` WHERE `users`.`id` = 2 LIMIT 1[0m
  â†³ app/controllers/users_controller.rb:7
  Rendering users/show.json.jbuilder
  Rendered users/show.json.jbuilder (0.8ms)
Completed 200 OK in 13ms (Views: 4.9ms | ActiveRecord: 4.7ms)


Started GET "/users/3.json" for ::1 at 2020-05-08 20:48:03 +0900
Processing by UsersController#show as JSON
  Parameters: {"id"=>"3", "user"=>{}}
  [1m[36mUser Load (5.9ms)[0m  [1m[34mSELECT  `users`.* FROM `users` WHERE `users`.`id` = 3 LIMIT 1[0m
  â†³ app/controllers/users_controller.rb:7
  Rendering users/show.json.jbuilder
  Rendered users/show.json.jbuilder (1.0ms)
Completed 200 OK in 14ms (Views: 3.7ms | ActiveRecord: 5.9ms)


Started GET "/users/2.json" for ::1 at 2020-05-08 20:48:08 +0900
Processing by UsersController#show as JSON
  Parameters: {"id"=>"2", "user"=>{}}
  [1m[36mUser Load (7.2ms)[0m  [1m[34mSELECT  `users`.* FROM `users` WHERE `users`.`id` = 2 LIMIT 1[0m
  â†³ app/controllers/users_controller.rb:7
  Rendering users/show.json.jbuilder
  Rendered users/show.json.jbuilder (0.7ms)
Completed 200 OK in 14ms (Views: 4.7ms | ActiveRecord: 7.2ms)


Started GET "/users/4.json" for ::1 at 2020-05-08 20:48:13 +0900
Processing by UsersController#show as JSON
  Parameters: {"id"=>"4", "user"=>{}}
  [1m[36mUser Load (8.8ms)[0m  [1m[34mSELECT  `users`.* FROM `users` WHERE `users`.`id` = 4 LIMIT 1[0m
  â†³ app/controllers/users_controller.rb:7
  Rendering users/show.json.jbuilder
  Rendered users/show.json.jbuilder (0.8ms)
Completed 200 OK in 15ms (Views: 3.8ms | ActiveRecord: 8.8ms)


Started GET "/users/4.json" for ::1 at 2020-05-09 12:12:08 +0900
  [1m[35m (2.9ms)[0m  [1m[35mSET NAMES utf8,  @@SESSION.sql_mode = CONCAT(CONCAT(@@sql_mode, ',STRICT_ALL_TABLES'), ',NO_AUTO_VALUE_ON_ZERO'),  @@SESSION.sql_auto_is_null = 0, @@SESSION.wait_timeout = 2147483[0m
  â†³ vendor/bundle/ruby/2.6.0/gems/activerecord-5.2.4.2/lib/active_record/log_subscriber.rb:98
Processing by UsersController#show as JSON
  Parameters: {"id"=>"4", "user"=>{}}
Started GET "/users/4.json" for ::1 at 2020-05-09 12:14:14 +0900
  [1m[35m (2.8ms)[0m  [1m[35mSET NAMES utf8,  @@SESSION.sql_mode = CONCAT(CONCAT(@@sql_mode, ',STRICT_ALL_TABLES'), ',NO_AUTO_VALUE_ON_ZERO'),  @@SESSION.sql_auto_is_null = 0, @@SESSION.wait_timeout = 2147483[0m
  â†³ vendor/bundle/ruby/2.6.0/gems/activerecord-5.2.4.2/lib/active_record/log_subscriber.rb:98
  [1m[35m (2.3ms)[0m  [1m[34mSELECT `schema_migrations`.`version` FROM `schema_migrations` ORDER BY `schema_migrations`.`version` ASC[0m
  â†³ vendor/bundle/ruby/2.6.0/gems/activerecord-5.2.4.2/lib/active_record/log_subscriber.rb:98
Processing by UsersController#show as JSON
  Parameters: {"id"=>"4", "user"=>{}}
Started GET "/users/4.json" for ::1 at 2020-05-09 12:20:57 +0900
  [1m[35m (3.4ms)[0m  [1m[35mSET NAMES utf8,  @@SESSION.sql_mode = CONCAT(CONCAT(@@sql_mode, ',STRICT_ALL_TABLES'), ',NO_AUTO_VALUE_ON_ZERO'),  @@SESSION.sql_auto_is_null = 0, @@SESSION.wait_timeout = 2147483[0m
  â†³ vendor/bundle/ruby/2.6.0/gems/activerecord-5.2.4.2/lib/active_record/log_subscriber.rb:98
  [1m[35m (5.2ms)[0m  [1m[34mSELECT `schema_migrations`.`version` FROM `schema_migrations` ORDER BY `schema_migrations`.`version` ASC[0m
  â†³ vendor/bundle/ruby/2.6.0/gems/activerecord-5.2.4.2/lib/active_record/log_subscriber.rb:98
Processing by UsersController#show as JSON
  Parameters: {"id"=>"4", "user"=>{}}
  [1m[36mUser Load (3.2ms)[0m  [1m[34mSELECT  `users`.* FROM `users` WHERE `users`.`id` = 4 LIMIT 1[0m
  â†³ app/controllers/users_controller.rb:7
  Rendering users/show.json.jbuilder
  Rendered users/show.json.jbuilder (1.0ms)
Completed 200 OK in 61ms (Views: 7.6ms | ActiveRecord: 46.0ms)


Started GET "/users/1.json" for ::1 at 2020-05-09 12:24:33 +0900
Processing by UsersController#show as JSON
  Parameters: {"id"=>"1", "user"=>{}}
  [1m[36mUser Load (2.3ms)[0m  [1m[34mSELECT  `users`.* FROM `users` WHERE `users`.`id` = 1 LIMIT 1[0m
  â†³ app/controllers/users_controller.rb:7
  Rendering users/show.json.jbuilder
  Rendered users/show.json.jbuilder (0.7ms)
Completed 200 OK in 47ms (Views: 3.4ms | ActiveRecord: 45.3ms)


